/ddn/smcelroy97/miniconda3/envs/netpyne_sm/bin/nrniv:10: DeprecationWarning: pkg_resources is deprecated as an API. See https://setuptools.pypa.io/en/latest/pkg_resources.html
  from pkg_resources import working_set
/ddn/smcelroy97/miniconda3/envs/netpyne_sm/bin/nrniv:10: DeprecationWarning: pkg_resources is deprecated as an API. See https://setuptools.pypa.io/en/latest/pkg_resources.html
  from pkg_resources import working_set
/ddn/smcelroy97/miniconda3/envs/netpyne_sm/bin/nrniv:10: DeprecationWarning: pkg_resources is deprecated as an API. See https://setuptools.pypa.io/en/latest/pkg_resources.html
  from pkg_resources import working_set
/ddn/smcelroy97/miniconda3/envs/netpyne_sm/bin/nrniv:10: DeprecationWarning: pkg_resources is deprecated as an API. See https://setuptools.pypa.io/en/latest/pkg_resources.html
  from pkg_resources import working_set
/ddn/smcelroy97/miniconda3/envs/netpyne_sm/bin/nrniv:10: DeprecationWarning: pkg_resources is deprecated as an API. See https://setuptools.pypa.io/en/latest/pkg_resources.html
  from pkg_resources import working_set
/ddn/smcelroy97/miniconda3/envs/netpyne_sm/bin/nrniv:10: DeprecationWarning: pkg_resources is deprecated as an API. See https://setuptools.pypa.io/en/latest/pkg_resources.html
  from pkg_resources import working_set
/ddn/smcelroy97/miniconda3/envs/netpyne_sm/bin/nrniv:10: DeprecationWarning: pkg_resources is deprecated as an API. See https://setuptools.pypa.io/en/latest/pkg_resources.html
  from pkg_resources import working_set
/ddn/smcelroy97/miniconda3/envs/netpyne_sm/bin/nrniv:10: DeprecationWarning: pkg_resources is deprecated as an API. See https://setuptools.pypa.io/en/latest/pkg_resources.html
  from pkg_resources import working_set
/ddn/smcelroy97/miniconda3/envs/netpyne_sm/bin/nrniv:10: DeprecationWarning: pkg_resources is deprecated as an API. See https://setuptools.pypa.io/en/latest/pkg_resources.html
  from pkg_resources import working_set
/ddn/smcelroy97/miniconda3/envs/netpyne_sm/bin/nrniv:10: DeprecationWarning: pkg_resources is deprecated as an API. See https://setuptools.pypa.io/en/latest/pkg_resources.html
  from pkg_resources import working_set
/ddn/smcelroy97/miniconda3/envs/netpyne_sm/bin/nrniv:10: DeprecationWarning: pkg_resources is deprecated as an API. See https://setuptools.pypa.io/en/latest/pkg_resources.html
  from pkg_resources import working_set
/ddn/smcelroy97/miniconda3/envs/netpyne_sm/bin/nrniv:10: DeprecationWarning: pkg_resources is deprecated as an API. See https://setuptools.pypa.io/en/latest/pkg_resources.html
  from pkg_resources import working_set
/ddn/smcelroy97/miniconda3/envs/netpyne_sm/bin/nrniv:10: DeprecationWarning: pkg_resources is deprecated as an API. See https://setuptools.pypa.io/en/latest/pkg_resources.html
  from pkg_resources import working_set
/ddn/smcelroy97/miniconda3/envs/netpyne_sm/bin/nrniv:10: DeprecationWarning: pkg_resources is deprecated as an API. See https://setuptools.pypa.io/en/latest/pkg_resources.html
  from pkg_resources import working_set
/ddn/smcelroy97/miniconda3/envs/netpyne_sm/bin/nrniv:10: DeprecationWarning: pkg_resources is deprecated as an API. See https://setuptools.pypa.io/en/latest/pkg_resources.html
  from pkg_resources import working_set
/ddn/smcelroy97/miniconda3/envs/netpyne_sm/bin/nrniv:10: DeprecationWarning: pkg_resources is deprecated as an API. See https://setuptools.pypa.io/en/latest/pkg_resources.html
  from pkg_resources import working_set
/ddn/smcelroy97/miniconda3/envs/netpyne_sm/bin/nrniv:10: DeprecationWarning: pkg_resources is deprecated as an API. See https://setuptools.pypa.io/en/latest/pkg_resources.html
  from pkg_resources import working_set
/ddn/smcelroy97/miniconda3/envs/netpyne_sm/bin/nrniv:10: DeprecationWarning: pkg_resources is deprecated as an API. See https://setuptools.pypa.io/en/latest/pkg_resources.html
  from pkg_resources import working_set
/ddn/smcelroy97/miniconda3/envs/netpyne_sm/bin/nrniv:10: DeprecationWarning: pkg_resources is deprecated as an API. See https://setuptools.pypa.io/en/latest/pkg_resources.html
  from pkg_resources import working_set
/ddn/smcelroy97/miniconda3/envs/netpyne_sm/bin/nrniv:10: DeprecationWarning: pkg_resources is deprecated as an API. See https://setuptools.pypa.io/en/latest/pkg_resources.html
  from pkg_resources import working_set
/ddn/smcelroy97/miniconda3/envs/netpyne_sm/bin/nrniv:10: DeprecationWarning: pkg_resources is deprecated as an API. See https://setuptools.pypa.io/en/latest/pkg_resources.html
  from pkg_resources import working_set
/ddn/smcelroy97/miniconda3/envs/netpyne_sm/bin/nrniv:10: DeprecationWarning: pkg_resources is deprecated as an API. See https://setuptools.pypa.io/en/latest/pkg_resources.html
  from pkg_resources import working_set
/ddn/smcelroy97/miniconda3/envs/netpyne_sm/bin/nrniv:10: DeprecationWarning: pkg_resources is deprecated as an API. See https://setuptools.pypa.io/en/latest/pkg_resources.html
  from pkg_resources import working_set
/ddn/smcelroy97/miniconda3/envs/netpyne_sm/bin/nrniv:10: DeprecationWarning: pkg_resources is deprecated as an API. See https://setuptools.pypa.io/en/latest/pkg_resources.html
  from pkg_resources import working_set
/ddn/smcelroy97/miniconda3/envs/netpyne_sm/bin/nrniv:10: DeprecationWarning: pkg_resources is deprecated as an API. See https://setuptools.pypa.io/en/latest/pkg_resources.html
  from pkg_resources import working_set
/ddn/smcelroy97/miniconda3/envs/netpyne_sm/bin/nrniv:10: DeprecationWarning: pkg_resources is deprecated as an API. See https://setuptools.pypa.io/en/latest/pkg_resources.html
  from pkg_resources import working_set
/ddn/smcelroy97/miniconda3/envs/netpyne_sm/bin/nrniv:10: DeprecationWarning: pkg_resources is deprecated as an API. See https://setuptools.pypa.io/en/latest/pkg_resources.html
  from pkg_resources import working_set
/ddn/smcelroy97/miniconda3/envs/netpyne_sm/bin/nrniv:10: DeprecationWarning: pkg_resources is deprecated as an API. See https://setuptools.pypa.io/en/latest/pkg_resources.html
  from pkg_resources import working_set
/ddn/smcelroy97/miniconda3/envs/netpyne_sm/bin/nrniv:10: DeprecationWarning: pkg_resources is deprecated as an API. See https://setuptools.pypa.io/en/latest/pkg_resources.html
  from pkg_resources import working_set
/ddn/smcelroy97/miniconda3/envs/netpyne_sm/bin/nrniv:10: DeprecationWarning: pkg_resources is deprecated as an API. See https://setuptools.pypa.io/en/latest/pkg_resources.html
  from pkg_resources import working_set
/ddn/smcelroy97/miniconda3/envs/netpyne_sm/bin/nrniv:10: DeprecationWarning: pkg_resources is deprecated as an API. See https://setuptools.pypa.io/en/latest/pkg_resources.html
  from pkg_resources import working_set
/ddn/smcelroy97/miniconda3/envs/netpyne_sm/bin/nrniv:10: DeprecationWarning: pkg_resources is deprecated as an API. See https://setuptools.pypa.io/en/latest/pkg_resources.html
  from pkg_resources import working_set
/ddn/smcelroy97/miniconda3/envs/netpyne_sm/bin/nrniv:10: DeprecationWarning: pkg_resources is deprecated as an API. See https://setuptools.pypa.io/en/latest/pkg_resources.html
  from pkg_resources import working_set
/ddn/smcelroy97/miniconda3/envs/netpyne_sm/bin/nrniv:10: DeprecationWarning: pkg_resources is deprecated as an API. See https://setuptools.pypa.io/en/latest/pkg_resources.html
  from pkg_resources import working_set
/ddn/smcelroy97/miniconda3/envs/netpyne_sm/bin/nrniv:10: DeprecationWarning: pkg_resources is deprecated as an API. See https://setuptools.pypa.io/en/latest/pkg_resources.html
  from pkg_resources import working_set
/ddn/smcelroy97/miniconda3/envs/netpyne_sm/bin/nrniv:10: DeprecationWarning: pkg_resources is deprecated as an API. See https://setuptools.pypa.io/en/latest/pkg_resources.html
  from pkg_resources import working_set
/ddn/smcelroy97/miniconda3/envs/netpyne_sm/bin/nrniv:10: DeprecationWarning: pkg_resources is deprecated as an API. See https://setuptools.pypa.io/en/latest/pkg_resources.html
  from pkg_resources import working_set
/ddn/smcelroy97/miniconda3/envs/netpyne_sm/bin/nrniv:10: DeprecationWarning: pkg_resources is deprecated as an API. See https://setuptools.pypa.io/en/latest/pkg_resources.html
  from pkg_resources import working_set
/ddn/smcelroy97/miniconda3/envs/netpyne_sm/bin/nrniv:10: DeprecationWarning: pkg_resources is deprecated as an API. See https://setuptools.pypa.io/en/latest/pkg_resources.html
  from pkg_resources import working_set
/ddn/smcelroy97/miniconda3/envs/netpyne_sm/bin/nrniv:10: DeprecationWarning: pkg_resources is deprecated as an API. See https://setuptools.pypa.io/en/latest/pkg_resources.html
  from pkg_resources import working_set
/ddn/smcelroy97/miniconda3/envs/netpyne_sm/bin/nrniv:10: DeprecationWarning: pkg_resources is deprecated as an API. See https://setuptools.pypa.io/en/latest/pkg_resources.html
  from pkg_resources import working_set
/ddn/smcelroy97/miniconda3/envs/netpyne_sm/bin/nrniv:10: DeprecationWarning: pkg_resources is deprecated as an API. See https://setuptools.pypa.io/en/latest/pkg_resources.html
  from pkg_resources import working_set
/ddn/smcelroy97/miniconda3/envs/netpyne_sm/bin/nrniv:10: DeprecationWarning: pkg_resources is deprecated as an API. See https://setuptools.pypa.io/en/latest/pkg_resources.html
  from pkg_resources import working_set
/ddn/smcelroy97/miniconda3/envs/netpyne_sm/bin/nrniv:10: DeprecationWarning: pkg_resources is deprecated as an API. See https://setuptools.pypa.io/en/latest/pkg_resources.html
  from pkg_resources import working_set
/ddn/smcelroy97/miniconda3/envs/netpyne_sm/bin/nrniv:10: DeprecationWarning: pkg_resources is deprecated as an API. See https://setuptools.pypa.io/en/latest/pkg_resources.html
  from pkg_resources import working_set
/ddn/smcelroy97/miniconda3/envs/netpyne_sm/bin/nrniv:10: DeprecationWarning: pkg_resources is deprecated as an API. See https://setuptools.pypa.io/en/latest/pkg_resources.html
  from pkg_resources import working_set
/ddn/smcelroy97/miniconda3/envs/netpyne_sm/bin/nrniv:10: DeprecationWarning: pkg_resources is deprecated as an API. See https://setuptools.pypa.io/en/latest/pkg_resources.html
  from pkg_resources import working_set
/ddn/smcelroy97/miniconda3/envs/netpyne_sm/bin/nrniv:10: DeprecationWarning: pkg_resources is deprecated as an API. See https://setuptools.pypa.io/en/latest/pkg_resources.html
  from pkg_resources import working_set
/ddn/smcelroy97/miniconda3/envs/netpyne_sm/bin/nrniv:10: DeprecationWarning: pkg_resources is deprecated as an API. See https://setuptools.pypa.io/en/latest/pkg_resources.html
  from pkg_resources import working_set
/ddn/smcelroy97/miniconda3/envs/netpyne_sm/bin/nrniv:10: DeprecationWarning: pkg_resources is deprecated as an API. See https://setuptools.pypa.io/en/latest/pkg_resources.html
  from pkg_resources import working_set
/ddn/smcelroy97/miniconda3/envs/netpyne_sm/bin/nrniv:10: DeprecationWarning: pkg_resources is deprecated as an API. See https://setuptools.pypa.io/en/latest/pkg_resources.html
  from pkg_resources import working_set
/ddn/smcelroy97/miniconda3/envs/netpyne_sm/bin/nrniv:10: DeprecationWarning: pkg_resources is deprecated as an API. See https://setuptools.pypa.io/en/latest/pkg_resources.html
  from pkg_resources import working_set
/ddn/smcelroy97/miniconda3/envs/netpyne_sm/bin/nrniv:10: DeprecationWarning: pkg_resources is deprecated as an API. See https://setuptools.pypa.io/en/latest/pkg_resources.html
  from pkg_resources import working_set
/ddn/smcelroy97/miniconda3/envs/netpyne_sm/bin/nrniv:10: DeprecationWarning: pkg_resources is deprecated as an API. See https://setuptools.pypa.io/en/latest/pkg_resources.html
  from pkg_resources import working_set
/ddn/smcelroy97/miniconda3/envs/netpyne_sm/bin/nrniv:10: DeprecationWarning: pkg_resources is deprecated as an API. See https://setuptools.pypa.io/en/latest/pkg_resources.html
  from pkg_resources import working_set
/ddn/smcelroy97/miniconda3/envs/netpyne_sm/bin/nrniv:10: DeprecationWarning: pkg_resources is deprecated as an API. See https://setuptools.pypa.io/en/latest/pkg_resources.html
  from pkg_resources import working_set
/ddn/smcelroy97/miniconda3/envs/netpyne_sm/bin/nrniv:10: DeprecationWarning: pkg_resources is deprecated as an API. See https://setuptools.pypa.io/en/latest/pkg_resources.html
  from pkg_resources import working_set
/ddn/smcelroy97/miniconda3/envs/netpyne_sm/bin/nrniv:10: DeprecationWarning: pkg_resources is deprecated as an API. See https://setuptools.pypa.io/en/latest/pkg_resources.html
  from pkg_resources import working_set
/ddn/smcelroy97/miniconda3/envs/netpyne_sm/bin/nrniv:10: DeprecationWarning: pkg_resources is deprecated as an API. See https://setuptools.pypa.io/en/latest/pkg_resources.html
  from pkg_resources import working_set
/ddn/smcelroy97/miniconda3/envs/netpyne_sm/bin/nrniv:10: DeprecationWarning: pkg_resources is deprecated as an API. See https://setuptools.pypa.io/en/latest/pkg_resources.html
  from pkg_resources import working_set
/ddn/smcelroy97/miniconda3/envs/netpyne_sm/bin/nrniv:10: DeprecationWarning: pkg_resources is deprecated as an API. See https://setuptools.pypa.io/en/latest/pkg_resources.html
  from pkg_resources import working_set
/ddn/smcelroy97/miniconda3/envs/netpyne_sm/bin/nrniv:10: DeprecationWarning: pkg_resources is deprecated as an API. See https://setuptools.pypa.io/en/latest/pkg_resources.html
  from pkg_resources import working_set
/ddn/smcelroy97/miniconda3/envs/netpyne_sm/bin/nrniv:10: DeprecationWarning: pkg_resources is deprecated as an API. See https://setuptools.pypa.io/en/latest/pkg_resources.html
  from pkg_resources import working_set
numprocs=63
NEURON -- VERSION 8.2.3 HEAD (f0ed37010) 2023-09-14
Duke, Yale, and the BlueBrain Project -- Copyright 1984-2022
See http://neuron.yale.edu/neuron/credits

Additional mechanisms from files
 "mod/APCounter2.mod" "mod/CA1ika.mod" "mod/CA1ikdr.mod" "mod/CA1ina.mod" "mod/Cadynamics.mod" "mod/ConductanceSource.mod" "mod/HH2.mod" "mod/HH_traub.mod" "mod/IC.mod" "mod/ICal.mod" "mod/IKM.mod" "mod/IKsin.mod" "mod/IL.mod" "mod/IL_gutnick.mod" "mod/IM_cortex.mod" "mod/IT.mod" "mod/IT2.mod" "mod/Iahp.mod" "mod/Ican.mod" "mod/MyExp2SynAlpha.mod" "mod/MyExp2SynBB.mod" "mod/MyExp2SynBB_NO.mod" "mod/MyExp2SynNMDABB.mod" "mod/Nca.mod" "mod/ar_traub.mod" "mod/beforestep_py.mod" "mod/cad.mod" "mod/cadad.mod" "mod/cadecay_destexhe.mod" "mod/cadyn.mod" "mod/cagk.mod" "mod/cal_mh.mod" "mod/cal_mig.mod" "mod/can_mig.mod" "mod/cancr.mod" "mod/canin.mod" "mod/caolmw.mod" "mod/capr.mod" "mod/cat_mig.mod" "mod/cat_traub.mod" "mod/catcb.mod" "mod/ch_CavL.mod" "mod/ch_CavN.mod" "mod/ch_KCaS.mod" "mod/ch_Kdrfastngf.mod" "mod/ch_KvAngf.mod" "mod/ch_KvCaB.mod" "mod/ch_Navngf.mod" "mod/ch_leak.mod" "mod/cp.mod" "mod/cp2.mod" "mod/gabab.mod" "mod/h_BS.mod" "mod/h_harnett.mod" "mod/h_kole.mod" "mod/h_migliore.mod" "mod/hin.mod" "mod/htc.mod" "mod/ican_sidi.mod" "mod/icaolmw.mod" "mod/icapr.mod" "mod/iccr.mod" "mod/iconc_Ca.mod" "mod/iholmkop.mod" "mod/iholmw.mod" "mod/ihpyrkop.mod" "mod/ikscr.mod" "mod/ipulse3.mod" "mod/kBK.mod" "mod/kahppr.mod" "mod/kaolmkop.mod" "mod/kap_BS.mod" "mod/kapcb.mod" "mod/kapin.mod" "mod/kapyrkop.mod" "mod/kca.mod" "mod/kcaolmw.mod" "mod/kcpr.mod" "mod/kctin.mod" "mod/kdmc_BS.mod" "mod/kdr2_orig.mod" "mod/kdr_BS.mod" "mod/kdrbwb.mod" "mod/kdrcr.mod" "mod/kdrin.mod" "mod/kdrolmkop.mod" "mod/kdrpr.mod" "mod/kdrpyrkop.mod" "mod/kl.mod" "mod/km.mod" "mod/kv.mod" "mod/my_exp2syn.mod" "mod/na_2.mod" "mod/naf2.mod" "mod/nafbwb.mod" "mod/nafcr.mod" "mod/nafolmkop.mod" "mod/nafpr.mod" "mod/nafpyrkop.mod" "mod/nafx.mod" "mod/nap_sidi.mod" "mod/nax_BS.mod" "mod/naz.mod" "mod/no_diffusion.mod" "mod/ntIh.mod" "mod/ntleak.mod" "mod/ntt.mod" "mod/ntt_int.mod" "mod/pasi.mod" "mod/savedist.mod" "mod/tia.mod" "mod/vecstim.mod"

Start time:  2025-10-23 06:37:36.959842


Creating network of 8 cell populations on 63 hosts...:   0%|          |[A
Creating network of 8 cell populations on 63 hosts...: 100%|##########|

===================================================================================
=   BAD TERMINATION OF ONE OF YOUR APPLICATION PROCESSES
=   PID 1123696 RUNNING AT node16
=   EXIT CODE: 11
=   CLEANING UP REMAINING PROCESSES
=   YOU CAN IGNORE THE BELOW CLEANUP MESSAGES
===================================================================================
YOUR APPLICATION TERMINATED WITH THE EXIT STRING: Segmentation fault (signal 11)
This typically refers to a problem with your application.
Please see the FAQ page for debugging suggestions
